<?xml version="1.0" encoding="UTF-8"?>
<testng-results ignored="0" total="1" passed="1" failed="0" skipped="0">
  <reporter-output>
  </reporter-output>
  <suite started-at="2022-10-18T22:57:33 IST" name="Default suite" finished-at="2022-10-18T22:57:33 IST" duration-ms="620">
    <groups>
    </groups>
    <test started-at="2022-10-18T22:57:33 IST" name="Default test" finished-at="2022-10-18T22:57:33 IST" duration-ms="620">
      <class name="akitochalam.DatabaseTesting.JDBCConnection">
        <test-method signature="DBConnection()[pri:0, instance:akitochalam.DatabaseTesting.JDBCConnection@f0da945]" started-at="2022-10-18T22:57:33 IST" name="DBConnection" finished-at="2022-10-18T22:57:33 IST" duration-ms="559" status="PASS">
          <reporter-output>
          </reporter-output>
        </test-method> <!-- DBConnection -->
      </class> <!-- akitochalam.DatabaseTesting.JDBCConnection -->
    </test> <!-- Default test -->
  </suite> <!-- Default suite -->
</testng-results>
